#
# A fatal error has been detected by the Java Runtime Environment:
#
#  SIGSEGV (0xb) at pc=0x0000000111872455, pid=43492, tid=0x0000000000015303
#
# JRE version: OpenJDK Runtime Environment (8.0_152-b01) (build 1.8.0_152-release-1343-b01)
# Java VM: OpenJDK 64-Bit Server VM (25.152-b01 mixed mode bsd-amd64 compressed oops)
# Problematic frame:
# J 6550 C1 java.util.concurrent.ConcurrentHashMap$Traverser.advance()Ljava/util/concurrent/ConcurrentHashMap$Node; (188 bytes) @ 0x0000000111872455 [0x00000001118721e0+0x275]
#
# Failed to write core dump. Core dumps have been disabled. To enable core dumping, try "ulimit -c unlimited" before starting Java again
#
# If you would like to submit a bug report, please visit:
#   http://bugreport.java.com/bugreport/crash.jsp
#

---------------  T H R E A D  ---------------

Current thread (0x00007fd30e971000):  JavaThread "ForkJoinPool.commonPool-worker-2" daemon [_thread_in_Java, id=86787, stack(0x00007000136e4000,0x00007000137e4000)]

siginfo: si_signo: 11 (SIGSEGV), si_code: 1 (SEGV_MAPERR), si_addr: 0x0000000000000030

Registers:
RAX=0x00000000000000cd, RBX=0x0000000000002000, RCX=0x0000000000000002, RDX=0x00000007b65269b0
RSP=0x00007000137e3010, RBP=0x00007000137e3140, RSI=0x00000007af6f3c80, RDI=0x00000007b63ebc00
R8 =0x00000007c0033a40, R9 =0x0000000000000000, R10=0x0000000000000010, R11=0x00000001109ff100
R12=0x0000000000000000, R13=0x00007000137e30f8, R14=0x00007000137e3188, R15=0x00007fd30e971000
RIP=0x0000000111872455, EFLAGS=0x0000000000010246, ERR=0x0000000000000004
  TRAPNO=0x000000000000000e

Top of Stack: (sp=0x00007000137e3010)
0x00007000137e3010:   ffffffffffffffff 000000012223df40
0x00007000137e3020:   000000012223e5a0 0000000000000000
0x00007000137e3030:   000000012223d160 0000000000000000
0x00007000137e3040:   00007000137e3058 00007000137e30d0
0x00007000137e3050:   000000011081bffd 00000007b63e5e70
0x00007000137e3060:   0000000000002000 0000000000000000
0x00007000137e3070:   00000007af6f3c80 0000000000000000
0x00007000137e3080:   00000007af6f3c80 00000007af6f3c80
0x00007000137e3090:   00007000137e3140 00000001109ff244
0x00007000137e30a0:   00007000137e30f8 000000012223cbd8
0x00007000137e30b0:   0000000000000000 000000010f219008
0x00007000137e30c0:   00000007b61c18f0 00007000137e30f8
0x00007000137e30d0:   00007000137e3140 000000011081bd80
0x00007000137e30e0:   00007000137e3140 000000011081be54
0x00007000137e30f0:   000000011081be54 00000007af6f3c80
0x00007000137e3100:   00007000137e3100 000000010f217a60
0x00007000137e3110:   00007000137e3188 000000010f41a038
0x00007000137e3120:   0000000000000000 000000010f217ad0
0x00007000137e3130:   00007000137e30f8 00007000137e3190
0x00007000137e3140:   00007000137e3278 0000000110ad4264
0x00007000137e3150:   00000007b615d150 00000007af6f3c80
0x00007000137e3160:   000000000000007c 00000007af6ee950
0x00007000137e3170:   00000000000014c7 00000000000014c7
0x00007000137e3180:   0000000000000000 00000007af6ee928
0x00007000137e3190:   000000010f217589 00007000137e31e0
0x00007000137e31a0:   000000010f41a038 0000000000000000
0x00007000137e31b0:   000000010f2175a0 0000000000000000
0x00007000137e31c0:   00007000137e31d8 00007000137e3228
0x00007000137e31d0:   000000011081bffd 00000007b63e5e70
0x00007000137e31e0:   00000007af6ee928 00000007af6ee938
0x00007000137e31f0:   000000010f218dea 00007000137e3240
0x00007000137e3200:   00007000137e3278 000000011081bffd 

Instructions: (pc=0x0000000111872455)
0x0000000111872435:   89 30 01 00 00 00 01 00 00 e9 c3 00 00 00 49 b8
0x0000000111872445:   40 3a 03 c0 07 00 00 00 44 8b 4a 08 49 c1 e1 03
0x0000000111872455:   4d 3b 41 30 0f 85 8b 00 00 00 49 b9 38 22 2e 0f
0x0000000111872465:   01 00 00 00 44 8b 42 08 49 c1 e0 03 4d 3b 81 40 

Register to memory mapping:

RAX=0x00000000000000cd is an unknown value
RBX=0x0000000000002000 is an unknown value
RCX=0x0000000000000002 is an unknown value
RDX=0x00000007b65269b0 is an oop

[error occurred during error reporting (printing register info), id 0xb]

Stack: [0x00007000136e4000,0x00007000137e4000],  sp=0x00007000137e3010,  free space=1020k
Native frames: (J=compiled Java code, j=interpreted, Vv=VM code, C=native code)
J 6550 C1 java.util.concurrent.ConcurrentHashMap$Traverser.advance()Ljava/util/concurrent/ConcurrentHashMap$Node; (188 bytes) @ 0x0000000111872455 [0x00000001118721e0+0x275]
J 6552 C1 java.util.concurrent.ConcurrentHashMap$ValueIterator.next()Ljava/lang/Object; (34 bytes) @ 0x00000001109ff244 [0x00000001109ff0e0+0x164]
j  java.util.concurrent.ConcurrentHashMap$CollectionView.toArray()[Ljava/lang/Object;+56
J 6906 C1 java.util.ArrayList.<init>(Ljava/util/Collection;)V (67 bytes) @ 0x0000000110ad4264 [0x0000000110ad4080+0x1e4]
j  com.android.tools.r8.graph.DexItemFactory.assignSortedIndices(Ljava/util/Collection;Lcom/android/tools/r8/naming/NamingLens;)V+5
j  com.android.tools.r8.graph.DexItemFactory.sort(Lcom/android/tools/r8/naming/NamingLens;)V+51
j  com.android.tools.r8.dex.ApplicationWriter.write(Ljava/util/concurrent/ExecutorService;)V+27
j  com.android.tools.r8.D8.run(Lcom/android/tools/r8/utils/AndroidApp;Lcom/android/tools/r8/utils/InternalOptions;Ljava/util/concurrent/ExecutorService;)V+268
j  com.android.tools.r8.D8.lambda$run$1(Lcom/android/tools/r8/utils/AndroidApp;Lcom/android/tools/r8/utils/InternalOptions;Ljava/util/concurrent/ExecutorService;)V+3
j  com.android.tools.r8.D8$$Lambda$587.run()V+12
j  com.android.tools.r8.utils.ExceptionUtils.withCompilationHandler(Lcom/android/tools/r8/utils/Reporter;Lcom/android/tools/r8/utils/ExceptionUtils$CompileAction;)V+1
j  com.android.tools.r8.utils.ExceptionUtils.withD8CompilationHandler(Lcom/android/tools/r8/utils/Reporter;Lcom/android/tools/r8/utils/ExceptionUtils$CompileAction;)V+2
j  com.android.tools.r8.D8.run(Lcom/android/tools/r8/D8Command;Ljava/util/concurrent/ExecutorService;)V+22
j  com.android.builder.dexing.D8DexArchiveBuilder.convert(Ljava/util/stream/Stream;Ljava/nio/file/Path;Z)V+152
j  com.android.build.gradle.internal.transforms.DexArchiveBuilderTransform.launchProcessing(Lcom/android/build/gradle/internal/transforms/DexArchiveBuilderTransform$DexConversionParameters;Ljava/io/OutputStream;Ljava/io/OutputStream;Lcom/android/ide/common/blame/MessageReceiver;)V+230
j  com.android.build.gradle.internal.transforms.DexArchiveBuilderTransform.lambda$convertToDexArchive$6(Lcom/android/build/gradle/internal/transforms/DexArchiveBuilderTransform$DexConversionParameters;)Ljava/lang/Object;+88
j  com.android.build.gradle.internal.transforms.DexArchiveBuilderTransform$$Lambda$562.call()Ljava/lang/Object;+8
J 13677 C1 java.util.concurrent.ForkJoinTask$AdaptedCallable.exec()Z (31 bytes) @ 0x0000000112555b7c [0x0000000112555b00+0x7c]
J 13668 C1 java.util.concurrent.ForkJoinTask.doExec()I (37 bytes) @ 0x0000000111344664 [0x00000001113445e0+0x84]
J 13669 C1 java.util.concurrent.ForkJoinPool$WorkQueue.runTask(Ljava/util/concurrent/ForkJoinTask;)V (86 bytes) @ 0x000000011095f0d4 [0x000000011095f020+0xb4]
j  java.util.concurrent.ForkJoinPool.runWorker(Ljava/util/concurrent/ForkJoinPool$WorkQueue;)V+35
j  java.util.concurrent.ForkJoinWorkerThread.run()V+24
v  ~StubRoutines::call_stub
V  [libjvm.dylib+0x2cd8cc]
V  [libjvm.dylib+0x2cc5d1]
V  [libjvm.dylib+0x2cc7ef]
V  [libjvm.dylib+0x31c59e]
V  [libjvm.dylib+0x5326e8]
V  [libjvm.dylib+0x5325ad]
V  [libjvm.dylib+0x45fb8d]
C  [libsystem_pthread.dylib+0x5d76]  _pthread_start+0x7d
C  [libsystem_pthread.dylib+0x25d7]  thread_start+0xf
C  0x0000000000000000


---------------  P R O C E S S  ---------------

Java Threads: ( => current thread )
  0x00007fd30c61d000 JavaThread "ForkJoinPool.commonPool-worker-3" daemon [_thread_in_Java, id=32779, stack(0x0000700012fcf000,0x00007000130cf000)]
=>0x00007fd30e971000 JavaThread "ForkJoinPool.commonPool-worker-2" daemon [_thread_in_Java, id=86787, stack(0x00007000136e4000,0x00007000137e4000)]
  0x00007fd30fd5f000 JavaThread "ForkJoinPool.commonPool-worker-1" daemon [_thread_in_Java, id=43527, stack(0x00007000135e1000,0x00007000136e1000)]
  0x00007fd30f3c6000 JavaThread "Cache worker for Java compile cache (/Users/lantianbao/AndroidStudioProjects/fengtai/.gradle/5.1.1/javaCompile)" [_thread_blocked, id=31491, stack(0x00007000134de000,0x00007000135de000)]
  0x00007fd310b5a800 JavaThread "Cache worker for Java compile cache (/Users/lantianbao/.gradle/caches/5.1.1/javaCompile)" [_thread_blocked, id=27143, stack(0x00007000126df000,0x00007000127df000)]
  0x00007fd30f6f6800 JavaThread "RMI TCP Connection(1)-127.0.0.1" daemon [_thread_in_native, id=32003, stack(0x00007000133db000,0x00007000134db000)]
  0x00007fd30f4fb800 JavaThread "RMI Reaper" [_thread_blocked, id=32259, stack(0x00007000132d8000,0x00007000133d8000)]
  0x00007fd30e810800 JavaThread "RMI TCP Accept-0" daemon [_thread_in_native, id=30467, stack(0x00007000131d5000,0x00007000132d5000)]
  0x00007fd30b878800 JavaThread "GC Daemon" daemon [_thread_blocked, id=32515, stack(0x00007000130d2000,0x00007000131d2000)]
  0x00007fd30c0cf800 JavaThread "RMI Scheduler(0)" daemon [_thread_blocked, id=35851, stack(0x00007000125dc000,0x00007000126dc000)]
  0x00007fd310acb800 JavaThread "process reaper" daemon [_thread_in_native, id=36359, stack(0x00007000125b1000,0x00007000125d9000)]
  0x00007fd30f1f7000 JavaThread "stdout" daemon [_thread_in_native, id=33283, stack(0x0000700012ecc000,0x0000700012fcc000)]
  0x00007fd30f1f6800 JavaThread "stdout" daemon [_thread_in_native, id=29699, stack(0x0000700012dc9000,0x0000700012ec9000)]
  0x00007fd30cddc800 JavaThread "stdout" daemon [_thread_in_native, id=34051, stack(0x0000700012cc6000,0x0000700012dc6000)]
  0x00007fd3101b3000 JavaThread "stderr" daemon [_thread_in_native, id=34307, stack(0x0000700012bc3000,0x0000700012cc3000)]
  0x00007fd30cddc000 JavaThread "stderr" daemon [_thread_in_native, id=34563, stack(0x0000700012ac0000,0x0000700012bc0000)]
  0x00007fd3101b2000 JavaThread "stderr" daemon [_thread_in_native, id=28931, stack(0x00007000129bd000,0x0000700012abd000)]
  0x00007fd30cddb000 JavaThread "process reaper" daemon [_thread_in_native, id=28419, stack(0x000070001021b000,0x0000700010243000)]
  0x00007fd30cdda800 JavaThread "process reaper" daemon [_thread_in_native, id=35331, stack(0x00007000101f0000,0x0000700010218000)]
  0x00007fd30cdd9000 JavaThread "process reaper" daemon [_thread_in_native, id=35587, stack(0x00007000101c5000,0x00007000101ed000)]
  0x00007fd310ac5800 JavaThread "pool-3-thread-1" [_thread_blocked, id=27651, stack(0x00007000128ba000,0x00007000129ba000)]
  0x00007fd310800000 JavaThread "Execution worker for ':' Thread 3" [_thread_blocked, id=36611, stack(0x00007000124ae000,0x00007000125ae000)]
  0x00007fd30f946000 JavaThread "Cache worker for execution history cache (/Users/lantianbao/AndroidStudioProjects/fengtai/.gradle/5.1.1/executionHistory)" [_thread_blocked, id=26371, stack(0x00007000123ab000,0x00007000124ab000)]
  0x00007fd30f55f000 JavaThread "Execution worker for ':' Thread 2" [_thread_blocked, id=25351, stack(0x00007000122a8000,0x00007000123a8000)]
  0x00007fd30f945800 JavaThread "Execution worker for ':'" [_thread_blocked, id=37383, stack(0x00007000121a5000,0x00007000122a5000)]
  0x00007fd30eeab800 JavaThread "Cache worker for file content cache (/Users/lantianbao/AndroidStudioProjects/fengtai/.gradle/5.1.1/fileContent)" [_thread_blocked, id=37127, stack(0x00007000120a2000,0x00007000121a2000)]
  0x00007fd30ee03000 JavaThread "Cache worker for file content cache (/Users/lantianbao/.gradle/caches/5.1.1/fileContent)" [_thread_blocked, id=24839, stack(0x0000700011f9f000,0x000070001209f000)]
  0x00007fd30ff59800 JavaThread "Cache worker for Build Output Cleanup Cache (/Users/lantianbao/AndroidStudioProjects/fengtai/.gradle/buildOutputCleanup)" [_thread_blocked, id=25863, stack(0x0000700011d99000,0x0000700011e99000)]
  0x00007fd30f522000 JavaThread "pool-2-thread-1" [_thread_blocked, id=40967, stack(0x0000700011c96000,0x0000700011d96000)]
  0x00007fd30f4fd000 JavaThread "Build operations Thread 4" [_thread_blocked, id=40455, stack(0x0000700011b93000,0x0000700011c93000)]
  0x00007fd31125a000 JavaThread "Build operations Thread 3" [_thread_blocked, id=41223, stack(0x0000700011a90000,0x0000700011b90000)]
  0x00007fd30f47b800 JavaThread "Build operations Thread 2" [_thread_blocked, id=24071, stack(0x000070001198d000,0x0000700011a8d000)]
  0x00007fd311259800 JavaThread "Build operations" [_thread_blocked, id=23815, stack(0x000070001188a000,0x000070001198a000)]
  0x00007fd30fe81000 JavaThread "Cache worker for cache directory md-rule (/Users/lantianbao/.gradle/caches/5.1.1/md-rule)" [_thread_blocked, id=19727, stack(0x0000700011684000,0x0000700011784000)]
  0x00007fd30f632000 JavaThread "Cache worker for cache directory md-supplier (/Users/lantianbao/.gradle/caches/5.1.1/md-supplier)" [_thread_blocked, id=24327, stack(0x0000700011581000,0x0000700011681000)]
  0x00007fd30fdb0000 JavaThread "Cache worker for file hash cache (/Users/lantianbao/AndroidStudioProjects/fengtai/.gradle/5.1.1/fileHashes)" [_thread_blocked, id=42759, stack(0x000070001147e000,0x000070001157e000)]
  0x00007fd310626000 JavaThread "Thread-31" [_thread_blocked, id=22279, stack(0x0000700011072000,0x0000700011172000)]
  0x00007fd310625800 JavaThread "Stdin handler" [_thread_blocked, id=43015, stack(0x0000700010f6f000,0x000070001106f000)]
  0x00007fd30f9cb800 JavaThread "Asynchronous log dispatcher for DefaultDaemonConnection: socket connection from /127.0.0.1:56516 to /127.0.0.1:56569" [_thread_blocked, id=15623, stack(0x0000700010e6c000,0x0000700010f6c000)]
  0x00007fd31093e800 JavaThread "Daemon worker Thread 2" [_thread_blocked, id=15111, stack(0x0000700010d69000,0x0000700010e69000)]
  0x00007fd3111e8800 JavaThread "Cancel handler" [_thread_blocked, id=38919, stack(0x0000700010c66000,0x0000700010d66000)]
  0x00007fd30cd97800 JavaThread "Handler for socket connection from /127.0.0.1:56516 to /127.0.0.1:56569" [_thread_in_native, id=21767, stack(0x0000700010b63000,0x0000700010c63000)]
  0x00007fd31073c800 JavaThread "Daemon Thread 2" [_thread_blocked, id=14855, stack(0x0000700010a60000,0x0000700010b60000)]
  0x00007fd30faae800 JavaThread "Memory manager" [_thread_blocked, id=38147, stack(0x0000700011e9c000,0x0000700011f9c000)]
  0x00007fd3106a4000 JavaThread "Cache worker for execution history cache (/Users/lantianbao/.gradle/caches/5.1.1/executionHistory)" [_thread_blocked, id=40195, stack(0x0000700011787000,0x0000700011887000)]
  0x00007fd30c41f800 JavaThread "Cache worker for journal cache (/Users/lantianbao/.gradle/caches/journal-1)" [_thread_blocked, id=41731, stack(0x000070001137b000,0x000070001147b000)]
  0x00007fd30c41e800 JavaThread "File lock request listener" [_thread_in_native, id=22787, stack(0x0000700011278000,0x0000700011378000)]
  0x00007fd30c401000 JavaThread "Cache worker for file hash cache (/Users/lantianbao/.gradle/caches/5.1.1/fileHashes)" [_thread_blocked, id=42243, stack(0x0000700011175000,0x0000700011275000)]
  0x00007fd30bddf000 JavaThread "Daemon periodic checks" [_thread_blocked, id=16387, stack(0x000070001095d000,0x0000700010a5d000)]
  0x00007fd30c3ca800 JavaThread "Incoming local TCP Connector on port 56516" [_thread_in_native, id=14339, stack(0x000070001085a000,0x000070001095a000)]
  0x00007fd30c052800 JavaThread "Service Thread" daemon [_thread_blocked, id=14083, stack(0x0000700010654000,0x0000700010754000)]
  0x00007fd30c030000 JavaThread "C1 CompilerThread2" daemon [_thread_in_native, id=13571, stack(0x0000700010551000,0x0000700010651000)]
  0x00007fd30c02c000 JavaThread "C2 CompilerThread1" daemon [_thread_in_native, id=17667, stack(0x000070001044e000,0x000070001054e000)]
  0x00007fd30c02d800 JavaThread "C2 CompilerThread0" daemon [_thread_in_native, id=18179, stack(0x000070001034b000,0x000070001044b000)]
  0x00007fd30c02d000 JavaThread "Signal Dispatcher" daemon [_thread_blocked, id=18435, stack(0x0000700010248000,0x0000700010348000)]
  0x00007fd30b828800 JavaThread "Finalizer" daemon [_thread_blocked, id=20995, stack(0x000070001003f000,0x000070001013f000)]
  0x00007fd30b826000 JavaThread "Reference Handler" daemon [_thread_blocked, id=11523, stack(0x000070000ff3c000,0x000070001003c000)]
  0x00007fd30b803000 JavaThread "main" [_thread_blocked, id=3587, stack(0x000070000f92a000,0x000070000fa2a000)]

Other Threads:
  0x00007fd30b821000 VMThread [stack: 0x000070000fe39000,0x000070000ff39000] [id=21507]
  0x00007fd30c053800 WatcherThread [stack: 0x0000700010757000,0x0000700010857000] [id=17155]

VM state:not at safepoint (normal execution)

VM Mutex/Monitor currently owned by a thread: None

Heap:
 PSYoungGen      total 316416K, used 308206K [0x00000007a0000000, 0x00000007b8780000, 0x00000007c0000000)
  eden space 261120K, 98% used [0x00000007a0000000,0x00000007afb4c780,0x00000007aff00000)
  from space 55296K, 92% used [0x00000007b3c00000,0x00000007b6daf2b8,0x00000007b7200000)
  to   space 62464K, 0% used [0x00000007aff00000,0x00000007aff00000,0x00000007b3c00000)
 ParOldGen       total 149504K, used 93764K [0x0000000760000000, 0x0000000769200000, 0x00000007a0000000)
  object space 149504K, 62% used [0x0000000760000000,0x0000000765b91108,0x0000000769200000)
 Metaspace       used 93217K, capacity 96786K, committed 97044K, reserved 1134592K
  class space    used 11905K, capacity 12564K, committed 12604K, reserved 1048576K

Card table byte_map: [0x000000010b85c000,0x000000010bb5d000] byte_map_base: 0x0000000107d5c000

Marking Bits: (ParMarkBitMap*) 0x000000010b22c8f8
 Begin Bits: [0x000000010bd5d000, 0x000000010d55d000)
 End Bits:   [0x000000010d55d000, 0x000000010ed5d000)

Polling page: 0x000000010a106000

CodeCache: size=245760Kb used=39517Kb max_used=39594Kb free=206242Kb
 bounds [0x0000000110814000, 0x0000000112f04000, 0x000000011f814000]
 total_blobs=14366 nmethods=13465 adapters=813
 compilation: enabled

Compilation events (10 events):
Event: 207.483 Thread 0x00007fd30c030000 16254       3       java.util.ArrayList::forEach (75 bytes)
Event: 207.484 Thread 0x00007fd30c030000 nmethod 16254 0x0000000112edcd90 code [0x0000000112edcf60, 0x0000000112edd508]
Event: 207.488 Thread 0x00007fd30c030000 16285 %     3       com.android.tools.r8.ir.optimize.PeepholeOptimizer::removeRedundantInstructions @ 289 (335 bytes)
Event: 207.494 Thread 0x00007fd30c030000 nmethod 16285% 0x0000000112edd810 code [0x0000000112eddde0, 0x0000000112ee1ed8]
Event: 207.495 Thread 0x00007fd30c030000 16268 %     3       com.android.tools.r8.ir.code.Value::usedInMonitorOperation @ 10 (43 bytes)
Event: 207.496 Thread 0x00007fd30c030000 nmethod 16268% 0x0000000111336d90 code [0x0000000111336f60, 0x0000000111337748]
Event: 207.500 Thread 0x00007fd30c030000 16265 %     3       com.android.tools.r8.ir.code.DominatorTree::build @ 34 (230 bytes)
Event: 207.503 Thread 0x00007fd30c030000 nmethod 16265% 0x0000000112ee4810 code [0x0000000112ee4c80, 0x0000000112ee78a8]
Event: 207.505 Thread 0x00007fd30c030000 16266 %     3       com.android.tools.r8.ir.conversion.IRBuilder::build @ 159 (835 bytes)
Event: 207.517 Thread 0x00007fd30c030000 nmethod 16266% 0x0000000112ee9610 code [0x0000000112ee9f20, 0x0000000112ef0128]

GC Heap History (10 events):
Event: 181.583 GC heap before
{Heap before GC invocations=15 (full 3):
 PSYoungGen      total 199680K, used 195148K [0x00000007a0000000, 0x00000007af680000, 0x00000007c0000000)
  eden space 180224K, 100% used [0x00000007a0000000,0x00000007ab000000,0x00000007ab000000)
  from space 19456K, 76% used [0x00000007ab000000,0x00000007abe93318,0x00000007ac300000)
  to   space 20480K, 0% used [0x00000007ae280000,0x00000007ae280000,0x00000007af680000)
 ParOldGen       total 149504K, used 33981K [0x0000000760000000, 0x0000000769200000, 0x00000007a0000000)
  object space 149504K, 22% used [0x0000000760000000,0x000000076212f570,0x0000000769200000)
 Metaspace       used 68000K, capacity 70236K, committed 70292K, reserved 1110016K
  class space    used 8874K, capacity 9385K, committed 9404K, reserved 1048576K
Event: 181.610 GC heap after
Heap after GC invocations=15 (full 3):
 PSYoungGen      total 227840K, used 14131K [0x00000007a0000000, 0x00000007af500000, 0x00000007c0000000)
  eden space 208896K, 0% used [0x00000007a0000000,0x00000007a0000000,0x00000007acc00000)
  from space 18944K, 74% used [0x00000007ae280000,0x00000007af04cc60,0x00000007af500000)
  to   space 20992K, 0% used [0x00000007acc00000,0x00000007acc00000,0x00000007ae080000)
 ParOldGen       total 149504K, used 33989K [0x0000000760000000, 0x0000000769200000, 0x00000007a0000000)
  object space 149504K, 22% used [0x0000000760000000,0x0000000762131570,0x0000000769200000)
 Metaspace       used 68000K, capacity 70236K, committed 70292K, reserved 1110016K
  class space    used 8874K, capacity 9385K, committed 9404K, reserved 1048576K
}
Event: 196.546 GC heap before
{Heap before GC invocations=16 (full 3):
 PSYoungGen      total 227840K, used 223027K [0x00000007a0000000, 0x00000007af500000, 0x00000007c0000000)
  eden space 208896K, 100% used [0x00000007a0000000,0x00000007acc00000,0x00000007acc00000)
  from space 18944K, 74% used [0x00000007ae280000,0x00000007af04cc60,0x00000007af500000)
  to   space 20992K, 0% used [0x00000007acc00000,0x00000007acc00000,0x00000007ae080000)
 ParOldGen       total 149504K, used 33989K [0x0000000760000000, 0x0000000769200000, 0x00000007a0000000)
  object space 149504K, 22% used [0x0000000760000000,0x0000000762131570,0x0000000769200000)
 Metaspace       used 77906K, capacity 80236K, committed 80532K, reserved 1120256K
  class space    used 10121K, capacity 10631K, committed 10684K, reserved 1048576K
Event: 196.646 GC heap after
Heap after GC invocations=16 (full 3):
 PSYoungGen      total 229888K, used 20977K [0x00000007a0000000, 0x00000007b2680000, 0x00000007c0000000)
  eden space 208896K, 0% used [0x00000007a0000000,0x00000007a0000000,0x00000007acc00000)
  from space 20992K, 99% used [0x00000007acc00000,0x00000007ae07c798,0x00000007ae080000)
  to   space 31232K, 0% used [0x00000007b0800000,0x00000007b0800000,0x00000007b2680000)
 ParOldGen       total 149504K, used 55122K [0x0000000760000000, 0x0000000769200000, 0x00000007a0000000)
  object space 149504K, 36% used [0x0000000760000000,0x00000007635d4a18,0x0000000769200000)
 Metaspace       used 77906K, capacity 80236K, committed 80532K, reserved 1120256K
  class space    used 10121K, capacity 10631K, committed 10684K, reserved 1048576K
}
Event: 200.226 GC heap before
{Heap before GC invocations=17 (full 3):
 PSYoungGen      total 229888K, used 229006K [0x00000007a0000000, 0x00000007b2680000, 0x00000007c0000000)
  eden space 208896K, 99% used [0x00000007a0000000,0x00000007acb27260,0x00000007acc00000)
  from space 20992K, 99% used [0x00000007acc00000,0x00000007ae07c798,0x00000007ae080000)
  to   space 31232K, 0% used [0x00000007b0800000,0x00000007b0800000,0x00000007b2680000)
 ParOldGen       total 149504K, used 55122K [0x0000000760000000, 0x0000000769200000, 0x00000007a0000000)
  object space 149504K, 36% used [0x0000000760000000,0x00000007635d4a18,0x0000000769200000)
 Metaspace       used 82050K, capacity 84464K, committed 84628K, reserved 1122304K
  class space    used 10538K, capacity 11069K, committed 11196K, reserved 1048576K
Event: 200.362 GC heap after
Heap after GC invocations=17 (full 3):
 PSYoungGen      total 251392K, used 31221K [0x00000007a0000000, 0x00000007b5600000, 0x00000007c0000000)
  eden space 220160K, 0% used [0x00000007a0000000,0x00000007a0000000,0x00000007ad700000)
  from space 31232K, 99% used [0x00000007b0800000,0x00000007b267d640,0x00000007b2680000)
  to   space 50176K, 0% used [0x00000007ad700000,0x00000007ad700000,0x00000007b0800000)
 ParOldGen       total 149504K, used 93756K [0x0000000760000000, 0x0000000769200000, 0x00000007a0000000)
  object space 149504K, 62% used [0x0000000760000000,0x0000000765b8f108,0x0000000769200000)
 Metaspace       used 82050K, capacity 84464K, committed 84628K, reserved 1122304K
  class space    used 10538K, capacity 11069K, committed 11196K, reserved 1048576K
}
Event: 202.527 GC heap before
{Heap before GC invocations=18 (full 3):
 PSYoungGen      total 251392K, used 251381K [0x00000007a0000000, 0x00000007b5600000, 0x00000007c0000000)
  eden space 220160K, 100% used [0x00000007a0000000,0x00000007ad700000,0x00000007ad700000)
  from space 31232K, 99% used [0x00000007b0800000,0x00000007b267d640,0x00000007b2680000)
  to   space 50176K, 0% used [0x00000007ad700000,0x00000007ad700000,0x00000007b0800000)
 ParOldGen       total 149504K, used 93756K [0x0000000760000000, 0x0000000769200000, 0x00000007a0000000)
  object space 149504K, 62% used [0x0000000760000000,0x0000000765b8f108,0x0000000769200000)
 Metaspace       used 83018K, capacity 85670K, committed 86036K, reserved 1124352K
  class space    used 10669K, capacity 11206K, committed 11324K, reserved 1048576K
Event: 202.601 GC heap after
Heap after GC invocations=18 (full 3):
 PSYoungGen      total 270336K, used 40413K [0x00000007a0000000, 0x00000007b7200000, 0x00000007c0000000)
  eden space 220160K, 0% used [0x00000007a0000000,0x00000007a0000000,0x00000007ad700000)
  from space 50176K, 80% used [0x00000007ad700000,0x00000007afe776b8,0x00000007b0800000)
  to   space 55296K, 0% used [0x00000007b3c00000,0x00000007b3c00000,0x00000007b7200000)
 ParOldGen       total 149504K, used 93756K [0x0000000760000000, 0x0000000769200000, 0x00000007a0000000)
  object space 149504K, 62% used [0x0000000760000000,0x0000000765b8f108,0x0000000769200000)
 Metaspace       used 83018K, capacity 85670K, committed 86036K, reserved 1124352K
  class space    used 10669K, capacity 11206K, committed 11324K, reserved 1048576K
}
Event: 205.245 GC heap before
{Heap before GC invocations=19 (full 3):
 PSYoungGen      total 270336K, used 260573K [0x00000007a0000000, 0x00000007b7200000, 0x00000007c0000000)
  eden space 220160K, 100% used [0x00000007a0000000,0x00000007ad700000,0x00000007ad700000)
  from space 50176K, 80% used [0x00000007ad700000,0x00000007afe776b8,0x00000007b0800000)
  to   space 55296K, 0% used [0x00000007b3c00000,0x00000007b3c00000,0x00000007b7200000)
 ParOldGen       total 149504K, used 93756K [0x0000000760000000, 0x0000000769200000, 0x00000007a0000000)
  object space 149504K, 62% used [0x0000000760000000,0x0000000765b8f108,0x0000000769200000)
 Metaspace       used 90402K, capacity 93608K, committed 93716K, reserved 1130496K
  class space    used 11622K, capacity 12247K, committed 12348K, reserved 1048576K
Event: 205.371 GC heap after
Heap after GC invocations=19 (full 3):
 PSYoungGen      total 316416K, used 50876K [0x00000007a0000000, 0x00000007b8780000, 0x00000007c0000000)
  eden space 261120K, 0% used [0x00000007a0000000,0x00000007a0000000,0x00000007aff00000)
  from space 55296K, 92% used [0x00000007b3c00000,0x00000007b6daf2b8,0x00000007b7200000)
  to   space 62464K, 0% used [0x00000007aff00000,0x00000007aff00000,0x00000007b3c00000)
 ParOldGen       total 149504K, used 93764K [0x0000000760000000, 0x0000000769200000, 0x00000007a0000000)
  object space 149504K, 62% used [0x0000000760000000,0x0000000765b91108,0x0000000769200000)
 Metaspace       used 90402K, capacity 93608K, committed 93716K, reserved 1130496K
  class space    used 11622K, capacity 12247K, committed 12348K, reserved 1048576K
}

Deoptimization events (10 events):
Event: 206.990 Thread 0x00007fd30fd5f000 Uncommon trap: reason=class_check action=maybe_recompile pc=0x0000000112c2e604 method=com.android.tools.r8.ir.code.CatchHandlers.size()I @ 39
Event: 206.990 Thread 0x00007fd30fd5f000 Uncommon trap: reason=class_check action=maybe_recompile pc=0x0000000112c2e604 method=com.android.tools.r8.ir.code.CatchHandlers.size()I @ 39
Event: 206.991 Thread 0x00007fd30fd5f000 Uncommon trap: reason=class_check action=maybe_recompile pc=0x0000000112c2e604 method=com.android.tools.r8.ir.code.CatchHandlers.size()I @ 39
Event: 206.991 Thread 0x00007fd30fd5f000 Uncommon trap: reason=class_check action=maybe_recompile pc=0x0000000112c2e604 method=com.android.tools.r8.ir.code.CatchHandlers.size()I @ 39
Event: 207.162 Thread 0x00007fd30c61d000 Uncommon trap: reason=unstable_if action=reinterpret pc=0x00000001129ec618 method=sun.util.calendar.BaseCalendar$Date.hit(J)Z @ 6
Event: 207.245 Thread 0x00007fd30c61d000 Uncommon trap: reason=unstable_if action=reinterpret pc=0x0000000112be3fc0 method=com.android.tools.r8.graph.JarClassFileReader$CreateFieldVisitor.getStaticValue(Ljava/lang/Object;Lcom/android/tools/r8/graph/DexType;)Lcom/android/tools/r8/graph/DexValue; 
Event: 207.278 Thread 0x00007fd30fd5f000 Uncommon trap: reason=unstable_if action=reinterpret pc=0x0000000110a02154 method=java.util.HashMap.getNode(ILjava/lang/Object;)Ljava/util/HashMap$Node; @ 84
Event: 207.278 Thread 0x00007fd30fd5f000 Uncommon trap: reason=unstable_if action=reinterpret pc=0x000000011263f170 method=java.util.HashMap.putVal(ILjava/lang/Object;Ljava/lang/Object;ZZ)Ljava/lang/Object; @ 109
Event: 207.278 Thread 0x00007fd30fd5f000 Uncommon trap: reason=unstable_if action=reinterpret pc=0x0000000110fcd1a4 method=java.util.HashMap.getNode(ILjava/lang/Object;)Ljava/util/HashMap$Node; @ 84
Event: 207.278 Thread 0x00007fd30fd5f000 Uncommon trap: reason=unstable_if action=reinterpret pc=0x000000011232b388 method=java.util.HashMap.putVal(ILjava/lang/Object;Ljava/lang/Object;ZZ)Ljava/lang/Object; @ 109

Classes redefined (0 events):
No events

Internal exceptions (10 events):
Event: 207.085 Thread 0x00007fd30c61d000 Exception <a 'sun/nio/fs/UnixException'> (0x00000007ab9456d8) thrown at [/Volumes/android/AOSP-openjdk-git/jdk8u/hotspot/src/share/vm/prims/jni.cpp, line 709]
Event: 207.088 Thread 0x00007fd30c61d000 Exception <a 'sun/nio/fs/UnixException'> (0x00000007ab9506a0) thrown at [/Volumes/android/AOSP-openjdk-git/jdk8u/hotspot/src/share/vm/prims/jni.cpp, line 709]
Event: 207.089 Thread 0x00007fd30c61d000 Exception <a 'sun/nio/fs/UnixException'> (0x00000007abb04958) thrown at [/Volumes/android/AOSP-openjdk-git/jdk8u/hotspot/src/share/vm/prims/jni.cpp, line 709]
Event: 207.090 Thread 0x00007fd30c61d000 Exception <a 'sun/nio/fs/UnixException'> (0x00000007abb0c3c8) thrown at [/Volumes/android/AOSP-openjdk-git/jdk8u/hotspot/src/share/vm/prims/jni.cpp, line 709]
Event: 207.091 Thread 0x00007fd30c61d000 Exception <a 'sun/nio/fs/UnixException'> (0x00000007abb11670) thrown at [/Volumes/android/AOSP-openjdk-git/jdk8u/hotspot/src/share/vm/prims/jni.cpp, line 709]
Event: 207.092 Thread 0x00007fd30c61d000 Exception <a 'sun/nio/fs/UnixException'> (0x00000007abb16540) thrown at [/Volumes/android/AOSP-openjdk-git/jdk8u/hotspot/src/share/vm/prims/jni.cpp, line 709]
Event: 207.093 Thread 0x00007fd30c61d000 Exception <a 'sun/nio/fs/UnixException'> (0x00000007abb1ba50) thrown at [/Volumes/android/AOSP-openjdk-git/jdk8u/hotspot/src/share/vm/prims/jni.cpp, line 709]
Event: 207.100 Thread 0x00007fd30c61d000 Exception <a 'sun/nio/fs/UnixException'> (0x00000007abd44718) thrown at [/Volumes/android/AOSP-openjdk-git/jdk8u/hotspot/src/share/vm/prims/jni.cpp, line 709]
Event: 207.102 Thread 0x00007fd30c61d000 Exception <a 'sun/nio/fs/UnixException'> (0x00000007abd8a7d0) thrown at [/Volumes/android/AOSP-openjdk-git/jdk8u/hotspot/src/share/vm/prims/jni.cpp, line 709]
Event: 207.517 Thread 0x00007fd30e971000 Implicit null exception at 0x0000000111872455 to 0x0000000000000000

Events (10 events):
Event: 207.499 Thread 0x00007fd30c030000 flushing nmethod 0x000000011168a890
Event: 207.499 Thread 0x00007fd30e971000 DEOPT PACKING pc=0x0000000112cb3c73 sp=0x00007000137e2fd0
Event: 207.499 Thread 0x00007fd30e971000 DEOPT UNPACKING pc=0x000000011085b4c4 sp=0x00007000137e2d18 mode 0
Event: 207.504 Thread 0x00007fd30c030000 flushing nmethod 0x0000000111963d10
Event: 207.504 Thread 0x00007fd30c030000 flushing nmethod 0x0000000111964890
Event: 207.505 Thread 0x00007fd30e971000 DEOPT PACKING pc=0x0000000112cb3c73 sp=0x00007000137e2fd0
Event: 207.505 Thread 0x00007fd30e971000 DEOPT UNPACKING pc=0x000000011085b4c4 sp=0x00007000137e2d18 mode 0
Event: 207.507 Thread 0x00007fd30fd5f000 DEOPT PACKING pc=0x0000000112d80968 sp=0x00007000136dfab0
Event: 207.507 Thread 0x00007fd30fd5f000 DEOPT UNPACKING pc=0x000000011085b4c4 sp=0x00007000136df868 mode 0
Event: 207.517 Thread 0x00007fd30c030000 flushing nmethod 0x00000001119f3550


Dynamic libraries:
0x0000000009384000 	/System/Library/Frameworks/Cocoa.framework/Versions/A/Cocoa
0x0000000009384000 	/System/Library/Frameworks/Security.framework/Versions/A/Security
0x0000000009384000 	/System/Library/Frameworks/ApplicationServices.framework/Versions/A/ApplicationServices
0x0000000009384000 	/usr/lib/libz.1.dylib
0x0000000009384000 	/usr/lib/libSystem.B.dylib
0x0000000009384000 	/System/Library/Frameworks/CoreFoundation.framework/Versions/A/CoreFoundation
0x0000000009384000 	/System/Library/Frameworks/Foundation.framework/Versions/C/Foundation
0x0000000009384000 	/usr/lib/libobjc.A.dylib
0x0000000009384000 	/System/Library/Frameworks/AppKit.framework/Versions/C/AppKit
0x0000000009384000 	/System/Library/Frameworks/CoreData.framework/Versions/A/CoreData
0x0000000009384000 	/System/Library/PrivateFrameworks/UIFoundation.framework/Versions/A/UIFoundation
0x0000000009384000 	/System/Library/PrivateFrameworks/RemoteViewServices.framework/Versions/A/RemoteViewServices
0x0000000009384000 	/System/Library/PrivateFrameworks/XCTTargetBootstrap.framework/Versions/A/XCTTargetBootstrap
0x0000000009384000 	/System/Library/Frameworks/CoreDisplay.framework/Versions/A/CoreDisplay
0x0000000009384000 	/System/Library/Frameworks/Metal.framework/Versions/A/Metal
0x0000000009384000 	/System/Library/PrivateFrameworks/DesktopServicesPriv.framework/Versions/A/DesktopServicesPriv
0x0000000009384000 	/usr/lib/liblangid.dylib
0x0000000009384000 	/System/Library/PrivateFrameworks/CoreSVG.framework/Versions/A/CoreSVG
0x0000000009384000 	/System/Library/PrivateFrameworks/SkyLight.framework/Versions/A/SkyLight
0x0000000009384000 	/System/Library/Frameworks/CoreGraphics.framework/Versions/A/CoreGraphics
0x0000000009384000 	/System/Library/Frameworks/Accelerate.framework/Versions/A/Accelerate
0x0000000009384000 	/usr/lib/libxml2.2.dylib
0x0000000009384000 	/System/Library/PrivateFrameworks/IconServices.framework/Versions/A/IconServices
0x0000000009384000 	/System/Library/Frameworks/IOSurface.framework/Versions/A/IOSurface
0x0000000009384000 	/usr/lib/libDiagnosticMessagesClient.dylib
0x0000000009384000 	/System/Library/PrivateFrameworks/DFRFoundation.framework/Versions/A/DFRFoundation
0x0000000009384000 	/usr/lib/libicucore.A.dylib
0x0000000009384000 	/System/Library/Frameworks/AudioToolbox.framework/Versions/A/AudioToolbox
0x0000000009384000 	/System/Library/Frameworks/AudioUnit.framework/Versions/A/AudioUnit
0x0000000009384000 	/usr/lib/libauto.dylib
0x0000000009384000 	/System/Library/PrivateFrameworks/DataDetectorsCore.framework/Versions/A/DataDetectorsCore
0x0000000009384000 	/System/Library/Frameworks/Carbon.framework/Versions/A/Frameworks/HIToolbox.framework/Versions/A/HIToolbox
0x0000000009384000 	/System/Library/Frameworks/QuartzCore.framework/Versions/A/QuartzCore
0x0000000009384000 	/System/Library/Frameworks/Carbon.framework/Versions/A/Frameworks/SpeechRecognition.framework/Versions/A/SpeechRecognition
0x0000000009384000 	/System/Library/PrivateFrameworks/CoreUI.framework/Versions/A/CoreUI
0x0000000009384000 	/System/Library/Frameworks/CoreAudio.framework/Versions/A/CoreAudio
0x0000000009384000 	/System/Library/Frameworks/DiskArbitration.framework/Versions/A/DiskArbitration
0x0000000009384000 	/System/Library/PrivateFrameworks/MultitouchSupport.framework/Versions/A/MultitouchSupport
0x0000000009384000 	/usr/lib/libenergytrace.dylib
0x0000000009384000 	/System/Library/Frameworks/IOKit.framework/Versions/A/IOKit
0x0000000009384000 	/System/Library/Frameworks/CoreServices.framework/Versions/A/CoreServices
0x0000000009384000 	/System/Library/PrivateFrameworks/PerformanceAnalysis.framework/Versions/A/PerformanceAnalysis
0x0000000009384000 	/System/Library/Frameworks/OpenGL.framework/Versions/A/OpenGL
0x0000000009384000 	/System/Library/Frameworks/ColorSync.framework/Versions/A/ColorSync
0x0000000009384000 	/System/Library/Frameworks/CoreImage.framework/Versions/A/CoreImage
0x0000000009384000 	/System/Library/Frameworks/CoreText.framework/Versions/A/CoreText
0x0000000009384000 	/System/Library/Frameworks/ImageIO.framework/Versions/A/ImageIO
0x0000000009384000 	/usr/lib/libc++.1.dylib
0x0000000009384000 	/usr/lib/libcompression.dylib
0x0000000009384000 	/usr/lib/libMobileGestalt.dylib
0x0000000009384000 	/System/Library/PrivateFrameworks/TextureIO.framework/Versions/A/TextureIO
0x0000000009384000 	/usr/lib/libate.dylib
0x0000000009384000 	/System/Library/PrivateFrameworks/InternationalSupport.framework/Versions/A/InternationalSupport
0x0000000009384000 	/usr/lib/system/libcache.dylib
0x0000000009384000 	/usr/lib/system/libcommonCrypto.dylib
0x0000000009384000 	/usr/lib/system/libcompiler_rt.dylib
0x0000000009384000 	/usr/lib/system/libcopyfile.dylib
0x0000000009384000 	/usr/lib/system/libcorecrypto.dylib
0x0000000009384000 	/usr/lib/system/libdispatch.dylib
0x0000000009384000 	/usr/lib/system/libdyld.dylib
0x0000000009384000 	/usr/lib/system/libkeymgr.dylib
0x0000000009384000 	/usr/lib/system/liblaunch.dylib
0x0000000009384000 	/usr/lib/system/libmacho.dylib
0x0000000009384000 	/usr/lib/system/libquarantine.dylib
0x0000000009384000 	/usr/lib/system/libremovefile.dylib
0x0000000009384000 	/usr/lib/system/libsystem_asl.dylib
0x0000000009384000 	/usr/lib/system/libsystem_blocks.dylib
0x0000000009384000 	/usr/lib/system/libsystem_c.dylib
0x0000000009384000 	/usr/lib/system/libsystem_configuration.dylib
0x0000000009384000 	/usr/lib/system/libsystem_coreservices.dylib
0x0000000009384000 	/usr/lib/system/libsystem_darwin.dylib
0x0000000009384000 	/usr/lib/system/libsystem_dnssd.dylib
0x0000000009384000 	/usr/lib/system/libsystem_featureflags.dylib
0x0000000009384000 	/usr/lib/system/libsystem_info.dylib
0x0000000009384000 	/usr/lib/system/libsystem_m.dylib
0x0000000009384000 	/usr/lib/system/libsystem_malloc.dylib
0x0000000009384000 	/usr/lib/system/libsystem_networkextension.dylib
0x0000000009384000 	/usr/lib/system/libsystem_notify.dylib
0x0000000009384000 	/usr/lib/system/libsystem_sandbox.dylib
0x0000000009384000 	/usr/lib/system/libsystem_secinit.dylib
0x0000000009384000 	/usr/lib/system/libsystem_kernel.dylib
0x0000000009384000 	/usr/lib/system/libsystem_platform.dylib
0x0000000009384000 	/usr/lib/system/libsystem_pthread.dylib
0x0000000009384000 	/usr/lib/system/libsystem_symptoms.dylib
0x0000000009384000 	/usr/lib/system/libsystem_trace.dylib
0x0000000009384000 	/usr/lib/system/libunwind.dylib
0x0000000009384000 	/usr/lib/system/libxpc.dylib
0x0000000009384000 	/usr/lib/libc++abi.dylib
0x0000000009384000 	/usr/lib/liblzma.5.dylib
0x0000000009384000 	/usr/lib/libfakelink.dylib
0x0000000009384000 	/usr/lib/libarchive.2.dylib
0x0000000009384000 	/System/Library/Frameworks/SystemConfiguration.framework/Versions/A/SystemConfiguration
0x0000000009384000 	/usr/lib/libCRFSuite.dylib
0x0000000009384000 	/System/Library/Frameworks/CFNetwork.framework/Versions/A/CFNetwork
0x0000000009384000 	/usr/lib/libbsm.0.dylib
0x0000000009384000 	/usr/lib/system/libkxld.dylib
0x0000000009384000 	/System/Library/PrivateFrameworks/AppleFSCompression.framework/Versions/A/AppleFSCompression
0x0000000009384000 	/usr/lib/libcoretls.dylib
0x0000000009384000 	/usr/lib/libcoretls_cfhelpers.dylib
0x0000000009384000 	/usr/lib/libpam.2.dylib
0x0000000009384000 	/usr/lib/libsqlite3.dylib
0x0000000009384000 	/usr/lib/libxar.1.dylib
0x0000000009384000 	/usr/lib/libbz2.1.0.dylib
0x0000000009384000 	/usr/lib/libiconv.2.dylib
0x0000000009384000 	/usr/lib/libcharset.1.dylib
0x0000000009384000 	/usr/lib/libnetwork.dylib
0x0000000009384000 	/usr/lib/libpcap.A.dylib
0x0000000009384000 	/usr/lib/libapple_nghttp2.dylib
0x0000000009384000 	/System/Library/Frameworks/CoreServices.framework/Versions/A/Frameworks/FSEvents.framework/Versions/A/FSEvents
0x0000000009384000 	/System/Library/Frameworks/CoreServices.framework/Versions/A/Frameworks/CarbonCore.framework/Versions/A/CarbonCore
0x0000000009384000 	/System/Library/Frameworks/CoreServices.framework/Versions/A/Frameworks/Metadata.framework/Versions/A/Metadata
0x0000000009384000 	/System/Library/Frameworks/CoreServices.framework/Versions/A/Frameworks/OSServices.framework/Versions/A/OSServices
0x0000000009384000 	/System/Library/Frameworks/CoreServices.framework/Versions/A/Frameworks/SearchKit.framework/Versions/A/SearchKit
0x0000000009384000 	/System/Library/Frameworks/CoreServices.framework/Versions/A/Frameworks/AE.framework/Versions/A/AE
0x0000000009384000 	/System/Library/Frameworks/CoreServices.framework/Versions/A/Frameworks/LaunchServices.framework/Versions/A/LaunchServices
0x0000000009384000 	/System/Library/Frameworks/CoreServices.framework/Versions/A/Frameworks/DictionaryServices.framework/Versions/A/DictionaryServices
0x0000000009384000 	/System/Library/Frameworks/CoreServices.framework/Versions/A/Frameworks/SharedFileList.framework/Versions/A/SharedFileList
0x0000000009384000 	/System/Library/Frameworks/NetFS.framework/Versions/A/NetFS
0x0000000009384000 	/System/Library/PrivateFrameworks/NetAuth.framework/Versions/A/NetAuth
0x0000000009384000 	/System/Library/PrivateFrameworks/login.framework/Versions/A/Frameworks/loginsupport.framework/Versions/A/loginsupport
0x0000000009384000 	/System/Library/PrivateFrameworks/TCC.framework/Versions/A/TCC
0x0000000009384000 	/System/Library/PrivateFrameworks/CoreNLP.framework/Versions/A/CoreNLP
0x0000000009384000 	/System/Library/PrivateFrameworks/MetadataUtilities.framework/Versions/A/MetadataUtilities
0x0000000009384000 	/usr/lib/libmecabra.dylib
0x0000000009384000 	/usr/lib/libmecab.dylib
0x0000000009384000 	/usr/lib/libgermantok.dylib
0x0000000009384000 	/usr/lib/libThaiTokenizer.dylib
0x0000000009384000 	/usr/lib/libChineseTokenizer.dylib
0x0000000009384000 	/System/Library/Frameworks/Accelerate.framework/Versions/A/Frameworks/vImage.framework/Versions/A/vImage
0x0000000009384000 	/System/Library/Frameworks/Accelerate.framework/Versions/A/Frameworks/vecLib.framework/Versions/A/vecLib
0x0000000009384000 	/System/Library/Frameworks/Accelerate.framework/Versions/A/Frameworks/vecLib.framework/Versions/A/libvMisc.dylib
0x0000000009384000 	/System/Library/Frameworks/Accelerate.framework/Versions/A/Frameworks/vecLib.framework/Versions/A/libvDSP.dylib
0x0000000009384000 	/System/Library/Frameworks/Accelerate.framework/Versions/A/Frameworks/vecLib.framework/Versions/A/libBLAS.dylib
0x0000000009384000 	/System/Library/Frameworks/Accelerate.framework/Versions/A/Frameworks/vecLib.framework/Versions/A/libLAPACK.dylib
0x0000000009384000 	/System/Library/Frameworks/Accelerate.framework/Versions/A/Frameworks/vecLib.framework/Versions/A/libLinearAlgebra.dylib
0x0000000009384000 	/System/Library/Frameworks/Accelerate.framework/Versions/A/Frameworks/vecLib.framework/Versions/A/libSparseBLAS.dylib
0x0000000009384000 	/System/Library/Frameworks/Accelerate.framework/Versions/A/Frameworks/vecLib.framework/Versions/A/libQuadrature.dylib
0x0000000009384000 	/System/Library/Frameworks/Accelerate.framework/Versions/A/Frameworks/vecLib.framework/Versions/A/libBNNS.dylib
0x0000000009384000 	/System/Library/Frameworks/Accelerate.framework/Versions/A/Frameworks/vecLib.framework/Versions/A/libSparse.dylib
0x0000000009384000 	/System/Library/PrivateFrameworks/LanguageModeling.framework/Versions/A/LanguageModeling
0x0000000009384000 	/System/Library/PrivateFrameworks/CoreEmoji.framework/Versions/A/CoreEmoji
0x0000000009384000 	/System/Library/PrivateFrameworks/LinguisticData.framework/Versions/A/LinguisticData
0x0000000009384000 	/System/Library/PrivateFrameworks/Lexicon.framework/Versions/A/Lexicon
0x0000000009384000 	/usr/lib/libcmph.dylib
0x0000000009384000 	/System/Library/Frameworks/OpenDirectory.framework/Versions/A/Frameworks/CFOpenDirectory.framework/Versions/A/CFOpenDirectory
0x0000000009384000 	/System/Library/Frameworks/OpenDirectory.framework/Versions/A/OpenDirectory
0x0000000009384000 	/System/Library/PrivateFrameworks/APFS.framework/Versions/A/APFS
0x0000000009384000 	/System/Library/Frameworks/SecurityFoundation.framework/Versions/A/SecurityFoundation
0x0000000009384000 	/usr/lib/libutil.dylib
0x0000000009384000 	/System/Library/PrivateFrameworks/CoreServicesStore.framework/Versions/A/CoreServicesStore
0x0000000009384000 	/System/Library/Frameworks/ServiceManagement.framework/Versions/A/ServiceManagement
0x0000000009384000 	/System/Library/PrivateFrameworks/BackgroundTaskManagement.framework/Versions/A/BackgroundTaskManagement
0x0000000009384000 	/usr/lib/libxslt.1.dylib
0x0000000009384000 	/System/Library/PrivateFrameworks/AppleSystemInfo.framework/Versions/A/AppleSystemInfo
0x0000000009384000 	/System/Library/Frameworks/ImageIO.framework/Versions/A/Resources/libJPEG.dylib
0x0000000009384000 	/System/Library/Frameworks/ImageIO.framework/Versions/A/Resources/libTIFF.dylib
0x0000000009384000 	/System/Library/Frameworks/ImageIO.framework/Versions/A/Resources/libPng.dylib
0x0000000009384000 	/System/Library/Frameworks/ImageIO.framework/Versions/A/Resources/libGIF.dylib
0x0000000009384000 	/System/Library/Frameworks/ImageIO.framework/Versions/A/Resources/libJP2.dylib
0x0000000009384000 	/System/Library/Frameworks/ImageIO.framework/Versions/A/Resources/libRadiance.dylib
0x0000000009384000 	/usr/lib/libexpat.1.dylib
0x0000000009384000 	/System/Library/PrivateFrameworks/AppleJPEG.framework/Versions/A/AppleJPEG
0x0000000009384000 	/System/Library/PrivateFrameworks/FontServices.framework/libFontParser.dylib
0x0000000009384000 	/System/Library/PrivateFrameworks/WatchdogClient.framework/Versions/A/WatchdogClient
0x0000000009384000 	/System/Library/PrivateFrameworks/IOAccelerator.framework/Versions/A/IOAccelerator
0x0000000009384000 	/System/Library/Frameworks/MetalPerformanceShaders.framework/Versions/A/MetalPerformanceShaders
0x0000000009384000 	/System/Library/PrivateFrameworks/GPUWrangler.framework/Versions/A/GPUWrangler
0x0000000009384000 	/System/Library/PrivateFrameworks/IOPresentment.framework/Versions/A/IOPresentment
0x0000000009384000 	/System/Library/PrivateFrameworks/DSExternalDisplay.framework/Versions/A/DSExternalDisplay
0x0000000009384000 	/System/Library/Frameworks/OpenGL.framework/Versions/A/Libraries/libCoreFSCache.dylib
0x0000000009384000 	/System/Library/Frameworks/MetalPerformanceShaders.framework/Frameworks/MPSCore.framework/Versions/A/MPSCore
0x0000000009384000 	/System/Library/Frameworks/MetalPerformanceShaders.framework/Frameworks/MPSImage.framework/Versions/A/MPSImage
0x0000000009384000 	/System/Library/Frameworks/MetalPerformanceShaders.framework/Frameworks/MPSNeuralNetwork.framework/Versions/A/MPSNeuralNetwork
0x0000000009384000 	/System/Library/Frameworks/MetalPerformanceShaders.framework/Frameworks/MPSMatrix.framework/Versions/A/MPSMatrix
0x0000000009384000 	/System/Library/Frameworks/MetalPerformanceShaders.framework/Frameworks/MPSRayIntersector.framework/Versions/A/MPSRayIntersector
0x0000000009384000 	/System/Library/Frameworks/MetalPerformanceShaders.framework/Frameworks/MPSNDArray.framework/Versions/A/MPSNDArray
0x0000000009384000 	/System/Library/PrivateFrameworks/MetalTools.framework/Versions/A/MetalTools
0x0000000009384000 	/System/Library/PrivateFrameworks/AggregateDictionary.framework/Versions/A/AggregateDictionary
0x0000000009384000 	/System/Library/PrivateFrameworks/CoreAnalytics.framework/Versions/A/CoreAnalytics
0x0000000009384000 	/System/Library/PrivateFrameworks/AppleSauce.framework/Versions/A/AppleSauce
0x0000000009384000 	/usr/lib/libIOReport.dylib
0x0000000009384000 	/System/Library/Frameworks/CoreVideo.framework/Versions/A/CoreVideo
0x0000000009384000 	/System/Library/PrivateFrameworks/GraphVisualizer.framework/Versions/A/GraphVisualizer
0x0000000009384000 	/System/Library/PrivateFrameworks/FaceCore.framework/Versions/A/FaceCore
0x0000000009384000 	/System/Library/Frameworks/OpenCL.framework/Versions/A/OpenCL
0x0000000009384000 	/usr/lib/libFosl_dynamic.dylib
0x0000000009384000 	/System/Library/PrivateFrameworks/OTSVG.framework/Versions/A/OTSVG
0x0000000009384000 	/System/Library/Frameworks/ApplicationServices.framework/Versions/A/Frameworks/ATS.framework/Versions/A/Resources/libFontRegistry.dylib
0x0000000009384000 	/System/Library/PrivateFrameworks/FontServices.framework/libhvf.dylib
0x0000000009384000 	/System/Library/Frameworks/OpenGL.framework/Versions/A/Libraries/libGFXShared.dylib
0x0000000009384000 	/System/Library/Frameworks/OpenGL.framework/Versions/A/Libraries/libGLU.dylib
0x0000000009384000 	/System/Library/Frameworks/OpenGL.framework/Versions/A/Libraries/libGL.dylib
0x0000000009384000 	/System/Library/Frameworks/OpenGL.framework/Versions/A/Libraries/libGLImage.dylib
0x0000000009384000 	/System/Library/Frameworks/OpenGL.framework/Versions/A/Libraries/libCVMSPluginSupport.dylib
0x0000000009384000 	/System/Library/Frameworks/OpenGL.framework/Versions/A/Libraries/libCoreVMClient.dylib
0x0000000009384000 	/usr/lib/libncurses.5.4.dylib
0x0000000009384000 	/System/Library/Frameworks/ApplicationServices.framework/Versions/A/Frameworks/ATS.framework/Versions/A/ATS
0x0000000009384000 	/System/Library/Frameworks/ApplicationServices.framework/Versions/A/Frameworks/ColorSyncLegacy.framework/Versions/A/ColorSyncLegacy
0x0000000009384000 	/System/Library/Frameworks/ApplicationServices.framework/Versions/A/Frameworks/HIServices.framework/Versions/A/HIServices
0x0000000009384000 	/System/Library/Frameworks/ApplicationServices.framework/Versions/A/Frameworks/LangAnalysis.framework/Versions/A/LangAnalysis
0x0000000009384000 	/System/Library/Frameworks/ApplicationServices.framework/Versions/A/Frameworks/PrintCore.framework/Versions/A/PrintCore
0x0000000009384000 	/System/Library/Frameworks/ApplicationServices.framework/Versions/A/Frameworks/QD.framework/Versions/A/QD
0x0000000009384000 	/System/Library/Frameworks/ApplicationServices.framework/Versions/A/Frameworks/SpeechSynthesis.framework/Versions/A/SpeechSynthesis
0x0000000009384000 	/System/Library/Frameworks/ApplicationServices.framework/Versions/A/Frameworks/ATSUI.framework/Versions/A/ATSUI
0x0000000009384000 	/usr/lib/libcups.2.dylib
0x0000000009384000 	/System/Library/Frameworks/Kerberos.framework/Versions/A/Kerberos
0x0000000009384000 	/System/Library/Frameworks/GSS.framework/Versions/A/GSS
0x0000000009384000 	/usr/lib/libresolv.9.dylib
0x0000000009384000 	/System/Library/PrivateFrameworks/Heimdal.framework/Versions/A/Heimdal
0x0000000009384000 	/System/Library/Frameworks/Kerberos.framework/Versions/A/Libraries/libHeimdalProxy.dylib
0x0000000009384000 	/usr/lib/libheimdal-asn1.dylib
0x0000000009384000 	/System/Library/PrivateFrameworks/CommonAuth.framework/Versions/A/CommonAuth
0x0000000009384000 	/System/Library/PrivateFrameworks/AssertionServices.framework/Versions/A/AssertionServices
0x0000000009384000 	/System/Library/PrivateFrameworks/AudioToolboxCore.framework/Versions/A/AudioToolboxCore
0x0000000009384000 	/System/Library/PrivateFrameworks/caulk.framework/Versions/A/caulk
0x0000000009384000 	/System/Library/PrivateFrameworks/BaseBoard.framework/Versions/A/BaseBoard
0x0000000009384000 	/System/Library/PrivateFrameworks/RunningBoardServices.framework/Versions/A/RunningBoardServices
0x0000000009384000 	/System/Library/PrivateFrameworks/PersistentConnection.framework/Versions/A/PersistentConnection
0x0000000009384000 	/System/Library/PrivateFrameworks/ProtocolBuffer.framework/Versions/A/ProtocolBuffer
0x0000000009384000 	/System/Library/PrivateFrameworks/CommonUtilities.framework/Versions/A/CommonUtilities
0x0000000009384000 	/System/Library/PrivateFrameworks/Bom.framework/Versions/A/Bom
0x0000000009384000 	/usr/lib/libAudioToolboxUtility.dylib
0x0000000009384000 	/System/Library/PrivateFrameworks/Backup.framework/Versions/A/Backup
0x0000000009384000 	/System/Library/PrivateFrameworks/CrashReporterSupport.framework/Versions/A/CrashReporterSupport
0x0000000009384000 	/System/Library/PrivateFrameworks/Sharing.framework/Versions/A/Sharing
0x0000000009384000 	/System/Library/PrivateFrameworks/Apple80211.framework/Versions/A/Apple80211
0x0000000009384000 	/System/Library/PrivateFrameworks/AuthKit.framework/Versions/A/AuthKit
0x0000000009384000 	/System/Library/PrivateFrameworks/CoreUtils.framework/Versions/A/CoreUtils
0x0000000009384000 	/System/Library/Frameworks/CoreWLAN.framework/Versions/A/CoreWLAN
0x0000000009384000 	/System/Library/Frameworks/IOBluetooth.framework/Versions/A/IOBluetooth
0x0000000009384000 	/System/Library/PrivateFrameworks/MobileKeyBag.framework/Versions/A/MobileKeyBag
0x0000000009384000 	/System/Library/PrivateFrameworks/CorePhoneNumbers.framework/Versions/A/CorePhoneNumbers
0x0000000009384000 	/System/Library/PrivateFrameworks/AppleIDAuthSupport.framework/Versions/A/AppleIDAuthSupport
0x0000000009384000 	/System/Library/Frameworks/Network.framework/Versions/A/Network
0x0000000009384000 	/System/Library/PrivateFrameworks/KeychainCircle.framework/Versions/A/KeychainCircle
0x0000000009384000 	/System/Library/Frameworks/CoreBluetooth.framework/Versions/A/CoreBluetooth
0x0000000009384000 	/System/Library/PrivateFrameworks/SpeechRecognitionCore.framework/Versions/A/SpeechRecognitionCore
0x0000000009384000 	/System/Library/CoreServices/Encodings/libSimplifiedChineseConverter.dylib
0x000000010aa00000 	/Applications/Android Studio.app/Contents/jre/jdk/Contents/Home/jre/lib/server/libjvm.dylib
0x0000000009384000 	/usr/lib/libstdc++.6.dylib
0x000000010a0c6000 	/Applications/Android Studio.app/Contents/jre/jdk/Contents/Home/jre/lib/libverify.dylib
0x000000010a0d2000 	/Applications/Android Studio.app/Contents/jre/jdk/Contents/Home/jre/lib/libjava.dylib
0x000000010a150000 	/Applications/Android Studio.app/Contents/jre/jdk/Contents/Home/jre/lib/libzip.dylib
0x0000000121d2d000 	/Applications/Android Studio.app/Contents/jre/jdk/Contents/Home/jre/lib/libnet.dylib
0x000000012185d000 	/Applications/Android Studio.app/Contents/jre/jdk/Contents/Home/jre/lib/libnio.dylib
0x00000001106da000 	/Users/lantianbao/.gradle/native/25/osx-amd64/libnative-platform.dylib
0x0000000122149000 	/Applications/Android Studio.app/Contents/jre/jdk/Contents/Home/jre/lib/libmanagement.dylib
0x000000012189f000 	/private/var/folders/_6/zwkvdzs570q7npkmbxl4ssn40000gn/T/native-platform5669291035876468007dir/libnative-platform.dylib

VM Arguments:
jvm_args: -Xmx1536m -Dfile.encoding=UTF-8 -Duser.country=CN -Duser.language=zh -Duser.variant 
java_command: org.gradle.launcher.daemon.bootstrap.GradleDaemon 5.1.1
java_class_path (initial): /Users/lantianbao/.gradle/wrapper/dists/gradle-5.1.1-all/97z1ksx6lirer3kbvdnh7jtjg/gradle-5.1.1/lib/gradle-launcher-5.1.1.jar
Launcher Type: SUN_STANDARD

Environment Variables:
JAVA_HOME=/Library/Java/JavaVirtualMachines/jdk1.8.0_211.jdk/Contents/Home
CLASSPATH=/Library/Java/JavaVirtualMachines/jdk1.8.0_211.jdk/Contents/Home/lib/tools.jar:/Library/Java/JavaVirtualMachines/jdk1.8.0_211.jdk/Contents/Home/lib/dt.jar:.
PATH=/Library/Java/JavaVirtualMachines/jdk1.8.0_211.jdk/Contents/Home/bin:/usr/local/bin:/usr/bin:/bin:/usr/sbin:/sbin:/Library/Apple/usr/bin:/Library/Apple/bin:.
SHELL=/bin/bash

Signal Handlers:
SIGSEGV: [libjvm.dylib+0x570b99], sa_mask[0]=11111111011111110111111111111111, sa_flags=SA_ONSTACK|SA_RESTART|SA_SIGINFO
SIGBUS: [libjvm.dylib+0x570b99], sa_mask[0]=11111111011111110111111111111111, sa_flags=SA_RESTART|SA_SIGINFO
SIGFPE: [libjvm.dylib+0x461f81], sa_mask[0]=11111111011111110111111111111111, sa_flags=SA_RESTART|SA_SIGINFO
SIGPIPE: [libjvm.dylib+0x461f81], sa_mask[0]=11111111011111110111111111111111, sa_flags=SA_RESTART|SA_SIGINFO
SIGXFSZ: [libjvm.dylib+0x461f81], sa_mask[0]=11111111011111110111111111111111, sa_flags=SA_RESTART|SA_SIGINFO
SIGILL: [libjvm.dylib+0x461f81], sa_mask[0]=11111111011111110111111111111111, sa_flags=SA_RESTART|SA_SIGINFO
SIGUSR1: SIG_DFL, sa_mask[0]=00000000000000000000000000000000, sa_flags=none
SIGUSR2: [libjvm.dylib+0x462892], sa_mask[0]=00100000000000000000000000000000, sa_flags=SA_RESTART|SA_SIGINFO
SIGHUP: [libjvm.dylib+0x460a7b], sa_mask[0]=11111111011111110111111111111111, sa_flags=SA_RESTART|SA_SIGINFO
SIGINT: [libjvm.dylib+0x460a7b], sa_mask[0]=11111111011111110111111111111111, sa_flags=SA_RESTART|SA_SIGINFO
SIGTERM: [libjvm.dylib+0x460a7b], sa_mask[0]=11111111011111110111111111111111, sa_flags=SA_RESTART|SA_SIGINFO
SIGQUIT: [libjvm.dylib+0x460a7b], sa_mask[0]=11111111011111110111111111111111, sa_flags=SA_RESTART|SA_SIGINFO


---------------  S Y S T E M  ---------------

OS:Bsduname:Darwin 19.0.0 Darwin Kernel Version 19.0.0: Wed Sep 25 20:18:50 PDT 2019; root:xnu-6153.11.26~2/RELEASE_X86_64 x86_64
rlimit: STACK 8192k, CORE 0k, NPROC 1392, NOFILE 10240, AS infinity
load average:2.89 2.22 1.97

CPU:total 4 (initial active 4) (2 cores per cpu, 2 threads per core) family 6 model 69 stepping 1, cmov, cx8, fxsr, mmx, sse, sse2, sse3, ssse3, sse4.1, sse4.2, popcnt, avx, avx2, aes, clmul, erms, lzcnt, ht, tsc, tscinvbit, bmi1, bmi2

Memory: 4k page, physical 8388608k(84060k free)

/proc/meminfo:


vm_info: OpenJDK 64-Bit Server VM (25.152-b01) for bsd-amd64 JRE (1.8.0_152-release-1343-b01), built by "builder" with gcc 4.2.1 Compatible Apple LLVM 9.1.0 (clang-902.0.39.2)

time: Sat Oct 19 16:21:33 2019
elapsed time: 207 seconds (0d 0h 3m 27s)

